{"C:\\Users\\sean.jackson\\Documents\\JenkinsTest\\test.js":{"path":"C:\\Users\\sean.jackson\\Documents\\JenkinsTest\\test.js","s":{"1":1,"2":1,"3":1,"4":1,"5":1},"b":{},"f":{},"fnMap":{},"statementMap":{"1":{"start":{"line":1,"column":0},"end":{"line":1,"column":16}},"2":{"start":{"line":2,"column":0},"end":{"line":2,"column":21}},"3":{"start":{"line":3,"column":0},"end":{"line":3,"column":17}},"4":{"start":{"line":4,"column":0},"end":{"line":4,"column":19}},"5":{"start":{"line":5,"column":0},"end":{"line":5,"column":20}}},"branchMap":{}}}